Using pre-set license
Built from '2020.3/staging' branch; Version is '2020.3.18f1 (a7d1c678663c) revision 10998214'; Using compiler version '192528614'; Build Type 'Release'
OS: 'Windows 10 Home; OS build 22000.434; Version 2009; 64bit' Language: 'en' Physical Memory: 16059 MB
BatchMode: 1, IsHumanControllingUs: 0, StartBugReporterOnCrash: 0, Is64bit: 1, IsPro: 0

COMMAND LINE ARGUMENTS:
C:\Program Files\Unity\Hub\Editor\2020.3.18f1\Editor\Unity.exe
-adb2
-batchMode
-noUpm
-name
AssetImportWorker0
-projectPath
C:/Users/trinh/OneDrive/Desktop/Unity/WN22_TrinhSimpson_Sandbox
-logFile
Logs/AssetImportWorker0.log
-srvPort
61258
Successfully changed project path to: C:/Users/trinh/OneDrive/Desktop/Unity/WN22_TrinhSimpson_Sandbox
C:/Users/trinh/OneDrive/Desktop/Unity/WN22_TrinhSimpson_Sandbox
Using Asset Import Pipeline V2.
Refreshing native plugins compatible for Editor in 65.07 ms, found 5 plugins.
Preloading 1 native plugins for Editor in 1.50 ms.
Initialize engine version: 2020.3.18f1 (a7d1c678663c)
[Subsystems] Discovering subsystems at path C:/Program Files/Unity/Hub/Editor/2020.3.18f1/Editor/Data/Resources/UnitySubsystems
[Subsystems] Discovering subsystems at path C:/Users/trinh/OneDrive/Desktop/Unity/WN22_TrinhSimpson_Sandbox/Assets
GfxDevice: creating device client; threaded=0
Direct3D:
    Version:  Direct3D 11.0 [level 11.1]
    Renderer: NVIDIA GeForce RTX 3070 (ID=0x2484)
    Vendor:   
    VRAM:     8043 MB
    Driver:   30.0.14.7141
Initialize mono
Mono path[0] = 'C:/Program Files/Unity/Hub/Editor/2020.3.18f1/Editor/Data/Managed'
Mono path[1] = 'C:/Program Files/Unity/Hub/Editor/2020.3.18f1/Editor/Data/MonoBleedingEdge/lib/mono/unityjit'
Mono config path = 'C:/Program Files/Unity/Hub/Editor/2020.3.18f1/Editor/Data/MonoBleedingEdge/etc'
Using monoOptions --debugger-agent=transport=dt_socket,embedding=1,server=y,suspend=n,address=127.0.0.1:56260
Begin MonoManager ReloadAssembly
Registering precompiled unity dll's ...
Register platform support module: C:/Program Files/Unity/Hub/Editor/2020.3.18f1/Editor/Data/PlaybackEngines/MacStandaloneSupport/UnityEditor.OSXStandalone.Extensions.dll
Register platform support module: C:/Program Files/Unity/Hub/Editor/2020.3.18f1/Editor/Data/PlaybackEngines/WindowsStandaloneSupport/UnityEditor.WindowsStandalone.Extensions.dll
Registered in 0.001455 seconds.
Native extension for WindowsStandalone target not found
Native extension for OSXStandalone target not found
Refreshing native plugins compatible for Editor in 79.91 ms, found 5 plugins.
Preloading 1 native plugins for Editor in 0.16 ms.
Mono: successfully reloaded assembly
- Completed reload, in  1.534 seconds
Domain Reload Profiling:
	ReloadAssembly (1534ms)
		BeginReloadAssembly (35ms)
			ExecutionOrderSort (0ms)
			DisableScriptedObjects (0ms)
			BackupInstance (0ms)
			ReleaseScriptingObjects (0ms)
			CreateAndSetChildDomain (1ms)
		EndReloadAssembly (472ms)
			LoadAssemblies (34ms)
			RebuildTransferFunctionScriptingTraits (0ms)
			SetupTypeCache (153ms)
			ReleaseScriptCaches (0ms)
			RebuildScriptCaches (31ms)
			SetupLoadedEditorAssemblies (220ms)
				LogAssemblyErrors (0ms)
				InitializePlatformSupportModulesInManaged (4ms)
				SetLoadedEditorAssemblies (0ms)
				RefreshPlugins (80ms)
				BeforeProcessingInitializeOnLoad (12ms)
				ProcessInitializeOnLoadAttributes (89ms)
				ProcessInitializeOnLoadMethodAttributes (35ms)
				AfterProcessingInitializeOnLoad (0ms)
				EditorAssembliesLoaded (0ms)
			ExecutionOrderSort2 (0ms)
			AwakeInstancesAfterBackupRestoration (0ms)
Platform modules already initialized, skipping
Registering precompiled user dll's ...
Registered in 0.002563 seconds.
Begin MonoManager ReloadAssembly
Native extension for WindowsStandalone target not found
Native extension for OSXStandalone target not found
Refreshing native plugins compatible for Editor in 53.08 ms, found 5 plugins.
Preloading 1 native plugins for Editor in 0.25 ms.
[XR] OculusXRPlugin: registering subsystems
[XR] Unable to register display lifecyle provider: [1]
[XR] Oculus Input lifecycle provider registered.
[XR] Unable to register input lifecyle provider: [1]
System.Reflection.TargetInvocationException: Exception has been thrown by the target of an invocation. ---> System.NullReferenceException: Object reference not set to an instance of an object
  at Unity.XR.Oculus.OculusLoader.AssetPathToAbsolutePath (System.String assetPath) [0x00048] in C:\Users\trinh\OneDrive\Desktop\Unity\WN22_TrinhSimpson_Sandbox\Library\PackageCache\com.unity.xr.oculus@1.10.0\Runtime\OculusLoader.cs:250 
  at Unity.XR.Oculus.OculusLoader.EditorLoadOVRPlugin () [0x0007b] in C:\Users\trinh\OneDrive\Desktop\Unity\WN22_TrinhSimpson_Sandbox\Library\PackageCache\com.unity.xr.oculus@1.10.0\Runtime\OculusLoader.cs:235 
  at (wrapper managed-to-native) System.Reflection.MonoMethod.InternalInvoke(System.Reflection.MonoMethod,object,object[],System.Exception&)
  at System.Reflection.MonoMethod.Invoke (System.Object obj, System.Reflection.BindingFlags invokeAttr, System.Reflection.Binder binder, System.Object[] parameters, System.Globalization.CultureInfo culture) [0x00032] in <695d1cc93cca45069c528c15c9fdd749>:0 
   --- End of inner exception stack trace ---
  at System.Reflection.MonoMethod.Invoke (System.Object obj, System.Reflection.BindingFlags invokeAttr, System.Reflection.Binder binder, System.Object[] parameters, System.Globalization.CultureInfo culture) [0x00048] in <695d1cc93cca45069c528c15c9fdd749>:0 
  at System.Reflection.MethodBase.Invoke (System.Object obj, System.Object[] parameters) [0x00000] in <695d1cc93cca45069c528c15c9fdd749>:0 
  at UnityEditor.EditorAssemblies.ProcessInitializeOnLoadMethodAttributes () [0x00047] in <5ad584e208e14caaa9e6b2e6027e9204>:0 
UnityEngine.StackTraceUtility:ExtractStackTrace ()
UnityEngine.DebugLogHandler:LogFormat (UnityEngine.LogType,UnityEngine.Object,string,object[])
UnityEngine.Logger:Log (UnityEngine.LogType,object)
UnityEngine.Debug:LogError (object)
UnityEditor.EditorAssemblies:ProcessInitializeOnLoadMethodAttributes ()

Mono: successfully reloaded assembly
- Completed reload, in  1.323 seconds
Domain Reload Profiling:
	ReloadAssembly (1324ms)
		BeginReloadAssembly (118ms)
			ExecutionOrderSort (0ms)
			DisableScriptedObjects (3ms)
			BackupInstance (0ms)
			ReleaseScriptingObjects (0ms)
			CreateAndSetChildDomain (20ms)
		EndReloadAssembly (1150ms)
			LoadAssemblies (88ms)
			RebuildTransferFunctionScriptingTraits (0ms)
			SetupTypeCache (285ms)
			ReleaseScriptCaches (1ms)
			RebuildScriptCaches (98ms)
			SetupLoadedEditorAssemblies (536ms)
				LogAssemblyErrors (0ms)
				InitializePlatformSupportModulesInManaged (4ms)
				SetLoadedEditorAssemblies (0ms)
				RefreshPlugins (53ms)
				BeforeProcessingInitializeOnLoad (92ms)
				ProcessInitializeOnLoadAttributes (340ms)
				ProcessInitializeOnLoadMethodAttributes (40ms)
				AfterProcessingInitializeOnLoad (7ms)
				EditorAssembliesLoaded (0ms)
			ExecutionOrderSort2 (0ms)
			AwakeInstancesAfterBackupRestoration (7ms)
Platform modules already initialized, skipping
========================================================================
Worker process is ready to serve import requests
Launched and connected shader compiler UnityShaderCompiler.exe after 0.05 seconds
Refreshing native plugins compatible for Editor in 0.72 ms, found 5 plugins.
Preloading 1 native plugins for Editor in 0.19 ms.
Unloading 3245 Unused Serialized files (Serialized files now loaded: 0)
System memory in use before: 144.2 MB.
System memory in use after: 144.4 MB.

Unloading 21 unused Assets to reduce memory usage. Loaded Objects now: 3683.
Total: 5.845200 ms (FindLiveObjects: 0.337200 ms CreateObjectMapping: 0.166300 ms MarkObjects: 5.204300 ms  DeleteObjects: 0.135400 ms)

AssetImportParameters requested are different than current active one (requested -> active):
  custom:framework-win-MediaFoundation: 216162199b28c13a410421893ffa2e32 -> 
  custom:video-decoder-ogg-theora: a1e56fd34408186e4bbccfd4996cb3dc -> 
  custom:container-muxer-webm: aa71ff27fc2769a1b78a27578f13a17b -> 
  custom:container-demuxer-webm: 4f35f7cbe854078d1ac9338744f61a02 -> 
  custom:container-demuxer-ogg: 62fdf1f143b41e24485cea50d1cbac27 -> 
  custom:video-encoder-webm-vp8: eb34c28f22e8b96e1ab97ce403110664 -> 
  custom:video-codec-MediaFoundation-h265: 746d11721c4dcdbdad8f713fa42b33f4 -> 
  custom:video-decoder-webm-vp8: 9c59270c3fd7afecdb556c50c9e8de78 -> 
  custom:audio-decoder-ogg-vorbis: bf7c407c2cedff20999df2af8eb42d56 -> 
  custom:audio-encoder-webm-vorbis: bf7c407c2cedff20999df2af8eb42d56 -> 
========================================================================
Received Import Request.
  path: Assets/Presets
  artifactKey: Guid(558255460b74ec04fa70b5570e9327bd) Importer(815301076,1909f56bfc062723c751e8b465ee728b)
Start importing Assets/Presets using Guid(558255460b74ec04fa70b5570e9327bd) Importer(815301076,1909f56bfc062723c751e8b465ee728b)  -> (artifact id: 'e1966229f3d7993f283b578bcf544b58') in 0.009446 seconds 
  Import took 0.016961 seconds .

========================================================================
Received Import Request.
  Time since last request: 0.000459 seconds.
  path: Assets/VRHands
  artifactKey: Guid(134e586329278a24b82e99341e3c3f92) Importer(815301076,1909f56bfc062723c751e8b465ee728b)
Start importing Assets/VRHands using Guid(134e586329278a24b82e99341e3c3f92) Importer(815301076,1909f56bfc062723c751e8b465ee728b)  -> (artifact id: '88dd5400e881ed85ad3599b74c556c57') in 0.001330 seconds 
  Import took 0.007191 seconds .

========================================================================
Received Import Request.
  Time since last request: 0.235237 seconds.
  path: Assets/TutorialInfo
  artifactKey: Guid(49110bb8dcada46328ad741970bce702) Importer(815301076,1909f56bfc062723c751e8b465ee728b)
Start importing Assets/TutorialInfo using Guid(49110bb8dcada46328ad741970bce702) Importer(815301076,1909f56bfc062723c751e8b465ee728b)  -> (artifact id: 'de5a30219286eb2a872f2f84d66d9616') in 0.002502 seconds 
  Import took 0.008976 seconds .

========================================================================
Received Import Request.
  Time since last request: 16.555048 seconds.
  path: Assets/ExampleAssets
  artifactKey: Guid(990f5c2df70993f4987a388ca178996a) Importer(815301076,1909f56bfc062723c751e8b465ee728b)
Start importing Assets/ExampleAssets using Guid(990f5c2df70993f4987a388ca178996a) Importer(815301076,1909f56bfc062723c751e8b465ee728b)  -> (artifact id: 'd5ac45704b3e904ca5b19a6457cc79ac') in 0.005841 seconds 
  Import took 0.019914 seconds .

========================================================================
Received Import Request.
  Time since last request: 23.356028 seconds.
  path: Assets/ExampleAssets/Prefabs 1
  artifactKey: Guid(e0d0b472faac13a43b7c93930b563c61) Importer(815301076,1909f56bfc062723c751e8b465ee728b)
Start importing Assets/ExampleAssets/Prefabs 1 using Guid(e0d0b472faac13a43b7c93930b563c61) Importer(815301076,1909f56bfc062723c751e8b465ee728b)  -> (artifact id: 'd930e69bc9114f07a15acb76dfb83a75') in 0.002718 seconds 
  Import took 0.010583 seconds .

========================================================================
Received Import Request.
  Time since last request: 0.040561 seconds.
  path: Assets/ExampleAssets/Models
  artifactKey: Guid(aa97895f3852bd44399ef0893bec4f5e) Importer(815301076,1909f56bfc062723c751e8b465ee728b)
Start importing Assets/ExampleAssets/Models using Guid(aa97895f3852bd44399ef0893bec4f5e) Importer(815301076,1909f56bfc062723c751e8b465ee728b)  -> (artifact id: '148bd1374e384877c948124b2b92d031') in 0.002258 seconds 
  Import took 0.006455 seconds .

========================================================================
Received Import Request.
  Time since last request: 15.869458 seconds.
  path: Assets/Prefabs
  artifactKey: Guid(e0d0b472faac13a43b7c93930b563c61) Importer(815301076,1909f56bfc062723c751e8b465ee728b)
Start importing Assets/Prefabs using Guid(e0d0b472faac13a43b7c93930b563c61) Importer(815301076,1909f56bfc062723c751e8b465ee728b)  -> (artifact id: '5e2367a66e7e08ed2b8c36814ecdf328') in 0.005402 seconds 
  Import took 0.016482 seconds .

========================================================================
Received Import Request.
  Time since last request: 0.042203 seconds.
  path: Assets/Scenes/VR Prototype.unity
  artifactKey: Guid(c0c702120af5fa04b85c5045f555a2af) Importer(815301076,1909f56bfc062723c751e8b465ee728b)
Start importing Assets/Scenes/VR Prototype.unity using Guid(c0c702120af5fa04b85c5045f555a2af) Importer(815301076,1909f56bfc062723c751e8b465ee728b)  -> (artifact id: 'cc7bc47c9b86e7f7b1ced4390fcc23d2') in 0.007525 seconds 
  Import took 0.012696 seconds .

========================================================================
Received Import Request.
  Time since last request: 4062.092146 seconds.
  path: Assets/VRPrototypeAnimations.fbx
  artifactKey: Guid(34d915b58c250dc409ec8490eb00bd8d) Importer(815301076,1909f56bfc062723c751e8b465ee728b)
Start importing Assets/VRPrototypeAnimations.fbx using Guid(34d915b58c250dc409ec8490eb00bd8d) Importer(815301076,1909f56bfc062723c751e8b465ee728b)  -> (artifact id: 'fa42a54b5f2f19d330e228c6c0914614') in 0.456458 seconds 
  Import took 0.521712 seconds .

AssetImportWorkerClient::OnTransportError - code=2 error=End of file
